<?xml version="1.0" encoding="UTF-8"?>
<!-- Generated by org.testng.reporters.JUnitXMLReporter -->
<testsuite hostname="DESKTOP-LBN8TGD" ignored="0" name="Test" tests="5" failures="0" timestamp="26 Jun 2020 18:53:10 GMT" time="35.079" errors="0">
  <testcase name="validGetTemp" time="0.345" classname="script.ValidTestCase"/>
  <testcase name="validChooseProduct" time="7.442" classname="script.ValidTestCase"/>
  <testcase name="validCheckout" time="1.676" classname="script.ValidTestCase"/>
  <testcase name="validPaymentDetails" time="3.167" classname="script.ValidTestCase"/>
  <testcase name="verifyConfirmMessage" time="3.693" classname="script.ValidTestCase"/>
</testsuite> <!-- Test -->
